<?xml version="1.0" encoding="UTF-8"?>
<testsuites tests="3" failures="0" disabled="0" errors="0" timestamp="2017-10-11T16:04:40" time="0.012" name="AllTests">
  <testsuite name="test_triple" tests="1" failures="0" disabled="0" errors="0" time="0">
    <testcase name="test_construct_copy_assignment_access" status="run" time="0" classname="test_triple" />
  </testsuite>
  <testsuite name="test_triple2" tests="1" failures="0" disabled="0" errors="0" time="0">
    <testcase name="test_maketriple_ishomogenous" status="run" time="0" classname="test_triple2" />
  </testsuite>
  <testsuite name="test_triple3" tests="1" failures="0" disabled="0" errors="0" time="0.012">
    <testcase name="test_eq_neq_print" status="run" time="0.012" classname="test_triple3" />
  </testsuite>
</testsuites>
