<?xml version="1.0" encoding="UTF-8"?>
<testsuites tests="4" failures="0" disabled="0" errors="0" timestamp="2017-10-14T23:14:01" time="0.001" name="AllTests">
  <testsuite name="test_transcript" tests="2" failures="0" disabled="0" errors="0" time="0">
    <testcase name="test_add" status="run" time="0" classname="test_transcript" />
    <testcase name="test_remove" status="run" time="0" classname="test_transcript" />
  </testsuite>
  <testsuite name="test_transcript2" tests="2" failures="0" disabled="0" errors="0" time="0">
    <testcase name="test_find" status="run" time="0" classname="test_transcript2" />
    <testcase name="test_find_course_results" status="run" time="0" classname="test_transcript2" />
  </testsuite>
</testsuites>
