<?xml version="1.0" encoding="UTF-8"?>
<testsuites tests="7" failures="0" disabled="0" errors="0" timestamp="2017-10-13T21:22:41" time="0.295" name="AllTests">
  <testsuite name="test_dragon" tests="3" failures="0" disabled="0" errors="0" time="0.171">
    <testcase name="test_create" status="run" time="0" classname="test_dragon" />
    <testcase name="test_hoard" status="run" time="0.099" classname="test_dragon" />
    <testcase name="test_eat" status="run" time="0.071" classname="test_dragon" />
  </testsuite>
  <testsuite name="test_dragon2" tests="1" failures="0" disabled="0" errors="0" time="0.066">
    <testcase name="test_print" status="run" time="0.065" classname="test_dragon2" />
  </testsuite>
  <testsuite name="test_dragoncave" tests="2" failures="0" disabled="0" errors="0" time="0.026">
    <testcase name="test_accomodate" status="run" time="0.013" classname="test_dragoncave" />
    <testcase name="test_evict" status="run" time="0.013" classname="test_dragoncave" />
  </testsuite>
  <testsuite name="test_dragoncave2" tests="1" failures="0" disabled="0" errors="0" time="0.032">
    <testcase name="test_print" status="run" time="0.032" classname="test_dragoncave2" />
  </testsuite>
</testsuites>
